<?xml version="1.0" encoding="UTF-8"?>
<testng-results ignored="0" total="1" passed="0" failed="1" skipped="0">
  <reporter-output>
    <line>
      <![CDATA[--Connect to DB----]]>
    </line>
    <line>
      <![CDATA[--screenshot of fail report--]]>
    </line>
    <line>
      <![CDATA[--Disconnect to DB----]]>
    </line>
  </reporter-output>
  <suite started-at="2023-11-30T01:11:11 IST" name="Default suite" finished-at="2023-11-30T01:11:37 IST" duration-ms="25514">
    <groups>
    </groups>
    <test started-at="2023-11-30T01:11:11 IST" name="Default test" finished-at="2023-11-30T01:11:37 IST" duration-ms="25514">
      <class name="Test.organizationPOM">
        <test-method is-config="true" signature="BSConfig()[pri:0, instance:Test.organizationPOM@2e6a8155]" started-at="2023-11-30T01:11:11 IST" name="BSConfig" finished-at="2023-11-30T01:11:11 IST" duration-ms="7" status="PASS">
          <reporter-output>
            <line>
              <![CDATA[--Connect to DB----]]>
            </line>
          </reporter-output>
        </test-method> <!-- BSConfig -->
        <test-method is-config="true" signature="BCConfig()[pri:0, instance:Test.organizationPOM@2e6a8155]" started-at="2023-11-30T01:11:12 IST" name="BCConfig" finished-at="2023-11-30T01:11:20 IST" duration-ms="8168" status="PASS">
          <reporter-output>
          </reporter-output>
        </test-method> <!-- BCConfig -->
        <test-method is-config="true" signature="BMConfig()[pri:0, instance:Test.organizationPOM@2e6a8155]" started-at="2023-11-30T01:11:20 IST" name="BMConfig" finished-at="2023-11-30T01:11:25 IST" duration-ms="4997" status="PASS">
          <reporter-output>
          </reporter-output>
        </test-method> <!-- BMConfig -->
        <test-method signature="organization1()[pri:0, instance:Test.organizationPOM@2e6a8155]" started-at="2023-11-30T01:11:25 IST" name="organization1" finished-at="2023-11-30T01:11:32 IST" duration-ms="7662" status="FAIL">
          <exception class="java.lang.AssertionError">
            <message>
              <![CDATA[expected [Administrator - Organizations - vtiger CRM 5 - Commercial Open Source CRMs] but found [ Administrator - Organizations - vtiger CRM 5 - Commercial Open Source CRM]]]>
            </message>
            <full-stacktrace>
              <![CDATA[java.lang.AssertionError: expected [Administrator - Organizations - vtiger CRM 5 - Commercial Open Source CRMs] but found [ Administrator - Organizations - vtiger CRM 5 - Commercial Open Source CRM]
at org.testng.Assert.fail(Assert.java:99)
at org.testng.Assert.failNotEquals(Assert.java:1037)
at org.testng.Assert.assertEqualsImpl(Assert.java:140)
at org.testng.Assert.assertEquals(Assert.java:122)
at org.testng.Assert.assertEquals(Assert.java:629)
at org.testng.Assert.assertEquals(Assert.java:639)
at Test.organizationPOM.organization1(organizationPOM.java:37)
at java.base/jdk.internal.reflect.NativeMethodAccessorImpl.invoke0(Native Method)
at java.base/jdk.internal.reflect.NativeMethodAccessorImpl.invoke(NativeMethodAccessorImpl.java:77)
at java.base/jdk.internal.reflect.DelegatingMethodAccessorImpl.invoke(DelegatingMethodAccessorImpl.java:43)
at java.base/java.lang.reflect.Method.invoke(Method.java:568)
at org.testng.internal.MethodInvocationHelper.invokeMethod(MethodInvocationHelper.java:133)
at org.testng.internal.TestInvoker.invokeMethod(TestInvoker.java:598)
at org.testng.internal.TestInvoker.invokeTestMethod(TestInvoker.java:173)
at org.testng.internal.MethodRunner.runInSequence(MethodRunner.java:46)
at org.testng.internal.TestInvoker$MethodInvocationAgent.invoke(TestInvoker.java:824)
at org.testng.internal.TestInvoker.invokeTestMethods(TestInvoker.java:146)
at org.testng.internal.TestMethodWorker.invokeTestMethods(TestMethodWorker.java:146)
at org.testng.internal.TestMethodWorker.run(TestMethodWorker.java:128)
at java.base/java.util.ArrayList.forEach(ArrayList.java:1511)
at org.testng.TestRunner.privateRun(TestRunner.java:794)
at org.testng.TestRunner.run(TestRunner.java:596)
at org.testng.SuiteRunner.runTest(SuiteRunner.java:377)
at org.testng.SuiteRunner.runSequentially(SuiteRunner.java:371)
at org.testng.SuiteRunner.privateRun(SuiteRunner.java:332)
at org.testng.SuiteRunner.run(SuiteRunner.java:276)
at org.testng.SuiteRunnerWorker.runSuite(SuiteRunnerWorker.java:53)
at org.testng.SuiteRunnerWorker.run(SuiteRunnerWorker.java:96)
at org.testng.TestNG.runSuitesSequentially(TestNG.java:1212)
at org.testng.TestNG.runSuitesLocally(TestNG.java:1134)
at org.testng.TestNG.runSuites(TestNG.java:1063)
at org.testng.TestNG.run(TestNG.java:1031)
at org.testng.remote.AbstractRemoteTestNG.run(AbstractRemoteTestNG.java:115)
at org.testng.remote.RemoteTestNG.initAndRun(RemoteTestNG.java:251)
at org.testng.remote.RemoteTestNG.main(RemoteTestNG.java:77)
]]>
            </full-stacktrace>
          </exception> <!-- java.lang.AssertionError -->
          <reporter-output>
            <line>
              <![CDATA[--screenshot of fail report--]]>
            </line>
          </reporter-output>
        </test-method> <!-- organization1 -->
        <test-method is-config="true" signature="AFConfig()[pri:0, instance:Test.organizationPOM@2e6a8155]" started-at="2023-11-30T01:11:32 IST" name="AFConfig" finished-at="2023-11-30T01:11:37 IST" duration-ms="4276" status="PASS">
          <reporter-output>
          </reporter-output>
        </test-method> <!-- AFConfig -->
        <test-method is-config="true" signature="ACConfig()[pri:0, instance:Test.organizationPOM@2e6a8155]" started-at="2023-11-30T01:11:37 IST" name="ACConfig" finished-at="2023-11-30T01:11:37 IST" duration-ms="368" status="PASS">
          <reporter-output>
          </reporter-output>
        </test-method> <!-- ACConfig -->
        <test-method is-config="true" signature="ASconfig()[pri:0, instance:Test.organizationPOM@2e6a8155]" started-at="2023-11-30T01:11:37 IST" name="ASconfig" finished-at="2023-11-30T01:11:37 IST" duration-ms="5" status="PASS">
          <reporter-output>
            <line>
              <![CDATA[--Disconnect to DB----]]>
            </line>
          </reporter-output>
        </test-method> <!-- ASconfig -->
      </class> <!-- Test.organizationPOM -->
    </test> <!-- Default test -->
  </suite> <!-- Default suite -->
</testng-results>
